<?xml version="1.0" encoding="UTF-8"?>
<testsuite name="DogsTest" tests="1" skipped="0" failures="0" errors="0" timestamp="2018-05-01T11:03:11" hostname="devsowboy" time="0.0">
  <properties/>
  <testcase name="testAppHasAGreeting" classname="DogsTest" time="0.0"/>
  <system-out><![CDATA[]]></system-out>
  <system-err><![CDATA[]]></system-err>
</testsuite>
