<?xml version="1.0" encoding="UTF-8"?>
<testsuite name="TelevisonTest" tests="1" skipped="0" failures="0" errors="0" timestamp="2018-05-12T10:08:46" hostname="devsowboy" time="0.001">
  <properties/>
  <testcase name="testTelevisionHasAMark" classname="TelevisonTest" time="0.001"/>
  <system-out><![CDATA[]]></system-out>
  <system-err><![CDATA[]]></system-err>
</testsuite>
